<?xml version="1.0" encoding="UTF-8"?>
<coverage generated="1779195941">
  <project timestamp="1779195941" name="Clover Coverage">
    <package name="App\DAO">
      <file name="/home/eva/htdocs/eindopdracht_jaar1/app/DAO/AccountDAO.php">
        <class name="App\DAO\AccountDAO" namespace="App\DAO">
          <metrics complexity="7" methods="3" coveredmethods="1" conditionals="0" coveredconditionals="0" statements="42" coveredstatements="40" elements="45" coveredelements="41"/>
        </class>
        <line num="14" type="method" name="__construct" visibility="public" complexity="1" crap="1" count="2"/>
        <line num="16" type="stmt" count="2"/>
        <line num="19" type="method" name="getById" visibility="public" complexity="3" crap="3" count="1"/>
        <line num="22" type="stmt" count="1"/>
        <line num="23" type="stmt" count="1"/>
        <line num="24" type="stmt" count="1"/>
        <line num="25" type="stmt" count="1"/>
        <line num="27" type="stmt" count="1"/>
        <line num="29" type="stmt" count="1"/>
        <line num="30" type="stmt" count="1"/>
        <line num="31" type="stmt" count="1"/>
        <line num="32" type="stmt" count="1"/>
        <line num="33" type="stmt" count="1"/>
        <line num="34" type="stmt" count="1"/>
        <line num="35" type="stmt" count="1"/>
        <line num="37" type="stmt" count="1"/>
        <line num="38" type="stmt" count="1"/>
        <line num="39" type="stmt" count="1"/>
        <line num="40" type="stmt" count="1"/>
        <line num="41" type="stmt" count="1"/>
        <line num="42" type="stmt" count="1"/>
        <line num="43" type="stmt" count="1"/>
        <line num="45" type="stmt" count="0"/>
        <line num="51" type="method" name="getByUsername" visibility="public" complexity="3" crap="3" count="1"/>
        <line num="54" type="stmt" count="1"/>
        <line num="55" type="stmt" count="1"/>
        <line num="58" type="stmt" count="1"/>
        <line num="59" type="stmt" count="1"/>
        <line num="60" type="stmt" count="1"/>
        <line num="61" type="stmt" count="1"/>
        <line num="64" type="stmt" count="1"/>
        <line num="65" type="stmt" count="1"/>
        <line num="66" type="stmt" count="1"/>
        <line num="67" type="stmt" count="1"/>
        <line num="68" type="stmt" count="1"/>
        <line num="69" type="stmt" count="1"/>
        <line num="70" type="stmt" count="1"/>
        <line num="72" type="stmt" count="1"/>
        <line num="73" type="stmt" count="1"/>
        <line num="74" type="stmt" count="1"/>
        <line num="75" type="stmt" count="1"/>
        <line num="76" type="stmt" count="1"/>
        <line num="77" type="stmt" count="1"/>
        <line num="78" type="stmt" count="1"/>
        <line num="81" type="stmt" count="0"/>
        <metrics loc="85" ncloc="74" classes="1" methods="3" coveredmethods="1" conditionals="0" coveredconditionals="0" statements="42" coveredstatements="40" elements="45" coveredelements="41"/>
      </file>
      <file name="/home/eva/htdocs/eindopdracht_jaar1/app/DAO/BeheerDAO.php">
        <class name="App\DAO\BeheerDAO" namespace="App\DAO">
          <metrics complexity="7" methods="3" coveredmethods="1" conditionals="0" coveredconditionals="0" statements="47" coveredstatements="45" elements="50" coveredelements="46"/>
        </class>
        <line num="17" type="method" name="__construct" visibility="public" complexity="1" crap="1" count="2"/>
        <line num="19" type="stmt" count="2"/>
        <line num="22" type="method" name="getByUsername" visibility="public" complexity="3" crap="3" count="1"/>
        <line num="24" type="stmt" count="1"/>
        <line num="42" type="stmt" count="1"/>
        <line num="43" type="stmt" count="1"/>
        <line num="44" type="stmt" count="1"/>
        <line num="45" type="stmt" count="1"/>
        <line num="47" type="stmt" count="1"/>
        <line num="49" type="stmt" count="1"/>
        <line num="50" type="stmt" count="1"/>
        <line num="51" type="stmt" count="1"/>
        <line num="52" type="stmt" count="1"/>
        <line num="53" type="stmt" count="1"/>
        <line num="54" type="stmt" count="1"/>
        <line num="55" type="stmt" count="1"/>
        <line num="56" type="stmt" count="1"/>
        <line num="57" type="stmt" count="1"/>
        <line num="59" type="stmt" count="1"/>
        <line num="60" type="stmt" count="1"/>
        <line num="61" type="stmt" count="1"/>
        <line num="62" type="stmt" count="1"/>
        <line num="63" type="stmt" count="1"/>
        <line num="64" type="stmt" count="1"/>
        <line num="65" type="stmt" count="1"/>
        <line num="67" type="stmt" count="0"/>
        <line num="72" type="method" name="getById" visibility="public" complexity="3" crap="3" count="1"/>
        <line num="74" type="stmt" count="1"/>
        <line num="92" type="stmt" count="1"/>
        <line num="93" type="stmt" count="1"/>
        <line num="94" type="stmt" count="1"/>
        <line num="95" type="stmt" count="1"/>
        <line num="97" type="stmt" count="1"/>
        <line num="99" type="stmt" count="1"/>
        <line num="100" type="stmt" count="1"/>
        <line num="101" type="stmt" count="1"/>
        <line num="102" type="stmt" count="1"/>
        <line num="103" type="stmt" count="1"/>
        <line num="104" type="stmt" count="1"/>
        <line num="105" type="stmt" count="1"/>
        <line num="106" type="stmt" count="1"/>
        <line num="107" type="stmt" count="1"/>
        <line num="109" type="stmt" count="1"/>
        <line num="110" type="stmt" count="1"/>
        <line num="111" type="stmt" count="1"/>
        <line num="112" type="stmt" count="1"/>
        <line num="113" type="stmt" count="1"/>
        <line num="114" type="stmt" count="1"/>
        <line num="115" type="stmt" count="1"/>
        <line num="117" type="stmt" count="0"/>
        <metrics loc="121" ncloc="118" classes="1" methods="3" coveredmethods="1" conditionals="0" coveredconditionals="0" statements="47" coveredstatements="45" elements="50" coveredelements="46"/>
      </file>
      <file name="/home/eva/htdocs/eindopdracht_jaar1/app/DAO/ProductDAO.php">
        <class name="App\DAO\ProductDAO" namespace="App\DAO">
          <metrics complexity="22" methods="9" coveredmethods="9" conditionals="0" coveredconditionals="0" statements="139" coveredstatements="139" elements="148" coveredelements="148"/>
        </class>
        <line num="35" type="method" name="__construct" visibility="public" complexity="1" crap="1" count="12"/>
        <line num="37" type="stmt" count="12"/>
        <line num="40" type="method" name="getProductById" visibility="public" complexity="2" crap="2" count="2"/>
        <line num="52" type="stmt" count="2"/>
        <line num="59" type="stmt" count="2"/>
        <line num="71" type="stmt" count="2"/>
        <line num="74" type="stmt" count="2"/>
        <line num="85" type="stmt" count="2"/>
        <line num="86" type="stmt" count="2"/>
        <line num="87" type="stmt" count="1"/>
        <line num="91" type="stmt" count="1"/>
        <line num="92" type="stmt" count="1"/>
        <line num="93" type="stmt" count="1"/>
        <line num="94" type="stmt" count="1"/>
        <line num="95" type="stmt" count="1"/>
        <line num="96" type="stmt" count="1"/>
        <line num="97" type="stmt" count="1"/>
        <line num="98" type="stmt" count="1"/>
        <line num="99" type="stmt" count="1"/>
        <line num="100" type="stmt" count="1"/>
        <line num="101" type="stmt" count="1"/>
        <line num="105" type="method" name="getAllProducts" visibility="public" complexity="2" crap="2" count="1"/>
        <line num="108" type="stmt" count="1"/>
        <line num="111" type="stmt" count="1"/>
        <line num="113" type="stmt" count="1"/>
        <line num="115" type="stmt" count="1"/>
        <line num="120" type="stmt" count="1"/>
        <line num="121" type="stmt" count="1"/>
        <line num="122" type="stmt" count="1"/>
        <line num="123" type="stmt" count="1"/>
        <line num="124" type="stmt" count="1"/>
        <line num="125" type="stmt" count="1"/>
        <line num="126" type="stmt" count="1"/>
        <line num="127" type="stmt" count="1"/>
        <line num="128" type="stmt" count="1"/>
        <line num="129" type="stmt" count="1"/>
        <line num="130" type="stmt" count="1"/>
        <line num="131" type="stmt" count="1"/>
        <line num="132" type="stmt" count="1"/>
        <line num="135" type="stmt" count="1"/>
        <line num="142" type="method" name="addProduct" visibility="public" complexity="4" crap="4" count="1"/>
        <line num="144" type="stmt" count="1"/>
        <line num="145" type="stmt" count="1"/>
        <line num="147" type="stmt" count="1"/>
        <line num="148" type="stmt" count="1"/>
        <line num="149" type="stmt" count="1"/>
        <line num="150" type="stmt" count="1"/>
        <line num="151" type="stmt" count="1"/>
        <line num="152" type="stmt" count="1"/>
        <line num="153" type="stmt" count="1"/>
        <line num="154" type="stmt" count="1"/>
        <line num="155" type="stmt" count="1"/>
        <line num="156" type="stmt" count="1"/>
        <line num="157" type="stmt" count="1"/>
        <line num="158" type="stmt" count="1"/>
        <line num="159" type="stmt" count="1"/>
        <line num="160" type="stmt" count="1"/>
        <line num="161" type="stmt" count="1"/>
        <line num="162" type="stmt" count="1"/>
        <line num="163" type="stmt" count="1"/>
        <line num="164" type="stmt" count="1"/>
        <line num="165" type="stmt" count="1"/>
        <line num="166" type="stmt" count="1"/>
        <line num="168" type="stmt" count="1"/>
        <line num="171" type="stmt" count="1"/>
        <line num="174" type="method" name="updateProduct" visibility="public" complexity="5" crap="5" count="2"/>
        <line num="176" type="stmt" count="2"/>
        <line num="178" type="stmt" count="2"/>
        <line num="179" type="stmt" count="1"/>
        <line num="181" type="stmt" count="1"/>
        <line num="183" type="stmt" count="1"/>
        <line num="185" type="stmt" count="1"/>
        <line num="186" type="stmt" count="1"/>
        <line num="187" type="stmt" count="1"/>
        <line num="188" type="stmt" count="1"/>
        <line num="189" type="stmt" count="1"/>
        <line num="190" type="stmt" count="1"/>
        <line num="191" type="stmt" count="1"/>
        <line num="192" type="stmt" count="1"/>
        <line num="193" type="stmt" count="1"/>
        <line num="194" type="stmt" count="1"/>
        <line num="195" type="stmt" count="1"/>
        <line num="196" type="stmt" count="1"/>
        <line num="197" type="stmt" count="1"/>
        <line num="198" type="stmt" count="1"/>
        <line num="199" type="stmt" count="1"/>
        <line num="200" type="stmt" count="1"/>
        <line num="201" type="stmt" count="1"/>
        <line num="202" type="stmt" count="1"/>
        <line num="203" type="stmt" count="1"/>
        <line num="204" type="stmt" count="1"/>
        <line num="205" type="stmt" count="1"/>
        <line num="207" type="stmt" count="1"/>
        <line num="210" type="method" name="deleteProduct" visibility="public" complexity="2" crap="2" count="2"/>
        <line num="212" type="stmt" count="2"/>
        <line num="214" type="stmt" count="2"/>
        <line num="215" type="stmt" count="2"/>
        <line num="216" type="stmt" count="2"/>
        <line num="221" type="stmt" count="2"/>
        <line num="222" type="stmt" count="1"/>
        <line num="227" type="method" name="getDeletedProductsByNaam" visibility="public" complexity="2" crap="2" count="1"/>
        <line num="230" type="stmt" count="1"/>
        <line num="232" type="stmt" count="1"/>
        <line num="234" type="stmt" count="1"/>
        <line num="235" type="stmt" count="1"/>
        <line num="237" type="stmt" count="1"/>
        <line num="238" type="stmt" count="1"/>
        <line num="240" type="stmt" count="1"/>
        <line num="241" type="stmt" count="1"/>
        <line num="242" type="stmt" count="1"/>
        <line num="243" type="stmt" count="1"/>
        <line num="244" type="stmt" count="1"/>
        <line num="245" type="stmt" count="1"/>
        <line num="246" type="stmt" count="1"/>
        <line num="247" type="stmt" count="1"/>
        <line num="248" type="stmt" count="1"/>
        <line num="249" type="stmt" count="1"/>
        <line num="250" type="stmt" count="1"/>
        <line num="251" type="stmt" count="1"/>
        <line num="254" type="stmt" count="1"/>
        <line num="257" type="method" name="restoreProduct" visibility="public" complexity="2" crap="2" count="2"/>
        <line num="259" type="stmt" count="2"/>
        <line num="261" type="stmt" count="2"/>
        <line num="262" type="stmt" count="2"/>
        <line num="263" type="stmt" count="2"/>
        <line num="265" type="stmt" count="2"/>
        <line num="266" type="stmt" count="1"/>
        <line num="271" type="method" name="getProductsByCategorie" visibility="public" complexity="2" crap="2" count="1"/>
        <line num="273" type="stmt" count="1"/>
        <line num="277" type="stmt" count="1"/>
        <line num="279" type="stmt" count="1"/>
        <line num="280" type="stmt" count="1"/>
        <line num="281" type="stmt" count="1"/>
        <line num="283" type="stmt" count="1"/>
        <line num="285" type="stmt" count="1"/>
        <line num="287" type="stmt" count="1"/>
        <line num="288" type="stmt" count="1"/>
        <line num="289" type="stmt" count="1"/>
        <line num="290" type="stmt" count="1"/>
        <line num="291" type="stmt" count="1"/>
        <line num="292" type="stmt" count="1"/>
        <line num="293" type="stmt" count="1"/>
        <line num="294" type="stmt" count="1"/>
        <line num="295" type="stmt" count="1"/>
        <line num="296" type="stmt" count="1"/>
        <line num="297" type="stmt" count="1"/>
        <line num="298" type="stmt" count="1"/>
        <line num="301" type="stmt" count="1"/>
        <metrics loc="304" ncloc="231" classes="1" methods="9" coveredmethods="9" conditionals="0" coveredconditionals="0" statements="139" coveredstatements="139" elements="148" coveredelements="148"/>
      </file>
    </package>
    <package name="App\Models">
      <file name="/home/eva/htdocs/eindopdracht_jaar1/app/Models/Account.php">
        <class name="App\Models\Account" namespace="App\Models">
          <metrics complexity="16" methods="14" coveredmethods="12" conditionals="0" coveredconditionals="0" statements="29" coveredstatements="27" elements="43" coveredelements="39"/>
        </class>
        <line num="22" type="method" name="__construct" visibility="public" complexity="3" crap="3" count="21"/>
        <line num="35" type="stmt" count="21"/>
        <line num="36" type="stmt" count="2"/>
        <line num="39" type="stmt" count="21"/>
        <line num="40" type="stmt" count="21"/>
        <line num="41" type="stmt" count="21"/>
        <line num="42" type="stmt" count="1"/>
        <line num="45" type="stmt" count="21"/>
        <line num="46" type="stmt" count="21"/>
        <line num="47" type="stmt" count="21"/>
        <line num="48" type="stmt" count="21"/>
        <line num="49" type="stmt" count="21"/>
        <line num="50" type="stmt" count="21"/>
        <line num="51" type="stmt" count="21"/>
        <line num="52" type="stmt" count="21"/>
        <line num="53" type="stmt" count="21"/>
        <line num="55" type="stmt" count="21"/>
        <line num="59" type="method" name="getAccountId" visibility="public" complexity="1" crap="2" count="0"/>
        <line num="61" type="stmt" count="0"/>
        <line num="63" type="method" name="getEmail" visibility="public" complexity="1" crap="1" count="1"/>
        <line num="65" type="stmt" count="1"/>
        <line num="67" type="method" name="getGebruikersnaam" visibility="public" complexity="1" crap="1" count="1"/>
        <line num="69" type="stmt" count="1"/>
        <line num="71" type="method" name="getWachtwoordHash" visibility="public" complexity="1" crap="2" count="0"/>
        <line num="73" type="stmt" count="0"/>
        <line num="75" type="method" name="getVoornaam" visibility="public" complexity="1" crap="1" count="2"/>
        <line num="77" type="stmt" count="2"/>
        <line num="79" type="method" name="getAchternaam" visibility="public" complexity="1" crap="1" count="2"/>
        <line num="81" type="stmt" count="2"/>
        <line num="83" type="method" name="getCreatedAt" visibility="public" complexity="1" crap="1" count="1"/>
        <line num="85" type="stmt" count="1"/>
        <line num="87" type="method" name="getGeboortedatum" visibility="public" complexity="1" crap="1" count="1"/>
        <line num="89" type="stmt" count="1"/>
        <line num="91" type="method" name="getTelefoon" visibility="public" complexity="1" crap="1" count="2"/>
        <line num="93" type="stmt" count="2"/>
        <line num="96" type="method" name="getDeletedAt" visibility="public" complexity="1" crap="1" count="1"/>
        <line num="98" type="stmt" count="1"/>
        <line num="102" type="method" name="setVoornaam" visibility="public" complexity="1" crap="1" count="1"/>
        <line num="104" type="stmt" count="1"/>
        <line num="107" type="method" name="setAchternaam" visibility="public" complexity="1" crap="1" count="1"/>
        <line num="109" type="stmt" count="1"/>
        <line num="112" type="method" name="setTelefoon" visibility="public" complexity="1" crap="1" count="1"/>
        <line num="114" type="stmt" count="1"/>
        <metrics loc="118" ncloc="108" classes="1" methods="14" coveredmethods="12" conditionals="0" coveredconditionals="0" statements="29" coveredstatements="27" elements="43" coveredelements="39"/>
      </file>
      <file name="/home/eva/htdocs/eindopdracht_jaar1/app/Models/Beheer.php">
        <class name="App\Models\Beheer" namespace="App\Models">
          <metrics complexity="4" methods="4" coveredmethods="3" conditionals="0" coveredconditionals="0" statements="17" coveredstatements="16" elements="21" coveredelements="19"/>
        </class>
        <line num="14" type="method" name="__construct" visibility="public" complexity="1" crap="1" count="4"/>
        <line num="32" type="stmt" count="4"/>
        <line num="33" type="stmt" count="4"/>
        <line num="34" type="stmt" count="4"/>
        <line num="35" type="stmt" count="4"/>
        <line num="36" type="stmt" count="4"/>
        <line num="37" type="stmt" count="4"/>
        <line num="39" type="stmt" count="4"/>
        <line num="40" type="stmt" count="4"/>
        <line num="41" type="stmt" count="4"/>
        <line num="42" type="stmt" count="4"/>
        <line num="43" type="stmt" count="4"/>
        <line num="44" type="stmt" count="4"/>
        <line num="46" type="stmt" count="4"/>
        <line num="47" type="stmt" count="4"/>
        <line num="51" type="method" name="getRol" visibility="public" complexity="1" crap="1" count="1"/>
        <line num="53" type="stmt" count="1"/>
        <line num="56" type="method" name="getDatumInDienst" visibility="public" complexity="1" crap="1" count="1"/>
        <line num="58" type="stmt" count="1"/>
        <line num="62" type="method" name="setRol" visibility="public" complexity="1" crap="2" count="0"/>
        <line num="64" type="stmt" count="0"/>
        <metrics loc="67" ncloc="61" classes="1" methods="4" coveredmethods="3" conditionals="0" coveredconditionals="0" statements="17" coveredstatements="16" elements="21" coveredelements="19"/>
      </file>
      <file name="/home/eva/htdocs/eindopdracht_jaar1/app/Models/Klant.php">
        <class name="App\Models\Klant" namespace="App\Models">
          <metrics complexity="2" methods="2" coveredmethods="2" conditionals="0" coveredconditionals="0" statements="14" coveredstatements="14" elements="16" coveredelements="16"/>
        </class>
        <line num="11" type="method" name="__construct" visibility="public" complexity="1" crap="1" count="2"/>
        <line num="23" type="stmt" count="2"/>
        <line num="24" type="stmt" count="2"/>
        <line num="25" type="stmt" count="2"/>
        <line num="26" type="stmt" count="2"/>
        <line num="27" type="stmt" count="2"/>
        <line num="28" type="stmt" count="2"/>
        <line num="29" type="stmt" count="2"/>
        <line num="30" type="stmt" count="2"/>
        <line num="31" type="stmt" count="2"/>
        <line num="32" type="stmt" count="2"/>
        <line num="33" type="stmt" count="2"/>
        <line num="34" type="stmt" count="2"/>
        <line num="35" type="stmt" count="2"/>
        <line num="38" type="method" name="getStartdatumLidmaatschap" visibility="public" complexity="1" crap="1" count="1"/>
        <line num="40" type="stmt" count="1"/>
        <metrics loc="43" ncloc="43" classes="1" methods="2" coveredmethods="2" conditionals="0" coveredconditionals="0" statements="14" coveredstatements="14" elements="16" coveredelements="16"/>
      </file>
      <file name="/home/eva/htdocs/eindopdracht_jaar1/app/Models/Product.php">
        <class name="App\Models\Product" namespace="App\Models">
          <metrics complexity="23" methods="17" coveredmethods="17" conditionals="0" coveredconditionals="0" statements="37" coveredstatements="37" elements="54" coveredelements="54"/>
        </class>
        <line num="20" type="method" name="__construct" visibility="public" complexity="4" crap="4" count="35"/>
        <line num="33" type="stmt" count="35"/>
        <line num="34" type="stmt" count="2"/>
        <line num="36" type="stmt" count="35"/>
        <line num="37" type="stmt" count="2"/>
        <line num="39" type="stmt" count="35"/>
        <line num="40" type="stmt" count="2"/>
        <line num="44" type="stmt" count="35"/>
        <line num="45" type="stmt" count="35"/>
        <line num="46" type="stmt" count="35"/>
        <line num="47" type="stmt" count="35"/>
        <line num="48" type="stmt" count="35"/>
        <line num="49" type="stmt" count="35"/>
        <line num="50" type="stmt" count="35"/>
        <line num="51" type="stmt" count="35"/>
        <line num="52" type="stmt" count="35"/>
        <line num="56" type="method" name="getId" visibility="public" complexity="1" crap="1" count="2"/>
        <line num="58" type="stmt" count="2"/>
        <line num="60" type="method" name="getNaam" visibility="public" complexity="1" crap="1" count="4"/>
        <line num="62" type="stmt" count="4"/>
        <line num="64" type="method" name="getPrijs" visibility="public" complexity="1" crap="1" count="4"/>
        <line num="66" type="stmt" count="4"/>
        <line num="68" type="method" name="getVerkoopGewicht" visibility="public" complexity="1" crap="1" count="4"/>
        <line num="70" type="stmt" count="4"/>
        <line num="72" type="method" name="getEenheid" visibility="public" complexity="1" crap="1" count="4"/>
        <line num="74" type="stmt" count="4"/>
        <line num="76" type="method" name="getOmschrijving" visibility="public" complexity="1" crap="1" count="4"/>
        <line num="78" type="stmt" count="4"/>
        <line num="80" type="method" name="getLeverancier" visibility="public" complexity="1" crap="1" count="4"/>
        <line num="82" type="stmt" count="4"/>
        <line num="84" type="method" name="getFotoUrl" visibility="public" complexity="1" crap="1" count="5"/>
        <line num="86" type="stmt" count="5"/>
        <line num="89" type="method" name="getDeletedAt" visibility="public" complexity="1" crap="1" count="1"/>
        <line num="91" type="stmt" count="1"/>
        <line num="95" type="method" name="setNaam" visibility="public" complexity="2" crap="2" count="3"/>
        <line num="97" type="stmt" count="3"/>
        <line num="98" type="stmt" count="2"/>
        <line num="100" type="stmt" count="1"/>
        <line num="102" type="method" name="setPrijs" visibility="public" complexity="2" crap="2" count="3"/>
        <line num="104" type="stmt" count="3"/>
        <line num="105" type="stmt" count="2"/>
        <line num="108" type="stmt" count="1"/>
        <line num="110" type="method" name="setVerkoopGewicht" visibility="public" complexity="2" crap="2" count="3"/>
        <line num="112" type="stmt" count="3"/>
        <line num="113" type="stmt" count="2"/>
        <line num="115" type="stmt" count="1"/>
        <line num="117" type="method" name="setEenheid" visibility="public" complexity="1" crap="1" count="1"/>
        <line num="119" type="stmt" count="1"/>
        <line num="121" type="method" name="setOmschrijving" visibility="public" complexity="1" crap="1" count="1"/>
        <line num="123" type="stmt" count="1"/>
        <line num="125" type="method" name="setLeverancier" visibility="public" complexity="1" crap="1" count="1"/>
        <line num="127" type="stmt" count="1"/>
        <line num="129" type="method" name="setFotoUrl" visibility="public" complexity="1" crap="1" count="1"/>
        <line num="131" type="stmt" count="1"/>
        <metrics loc="134" ncloc="130" classes="1" methods="17" coveredmethods="17" conditionals="0" coveredconditionals="0" statements="37" coveredstatements="37" elements="54" coveredelements="54"/>
      </file>
    </package>
    <file name="/home/eva/htdocs/eindopdracht_jaar1/app/Models/Beheerdersrol.php">
      <metrics loc="10" ncloc="10" classes="0" methods="0" coveredmethods="0" conditionals="0" coveredconditionals="0" statements="0" coveredstatements="0" elements="0" coveredelements="0"/>
    </file>
    <metrics files="8" loc="882" ncloc="775" classes="7" methods="52" coveredmethods="45" conditionals="0" coveredconditionals="0" statements="325" coveredstatements="318" elements="377" coveredelements="363"/>
  </project>
</coverage>
